<?xml version="1.0" encoding="UTF-8"?><testsuite errors="1" failures="0" name="Login to Rediff site" skipped="0" tests="1" time="1.17" timestamp="2023-11-16 12:14:00"><testcase name="Login to Rediff with valid user credentials"><error message="'javax.net.ssl.SSLContext org.openqa.selenium.remote.http.ClientConfig.sslContext()'" type="java.lang.NoSuchMethodError">'javax.net.ssl.SSLContext org.openqa.selenium.remote.http.ClientConfig.sslContext()'</error><system-err>'javax.net.ssl.SSLContext org.openqa.selenium.remote.http.ClientConfig.sslContext()'&#13;
net.thucydides.core.webdriver.WebDriverFactory.createWebDriver(WebDriverFactory.java:164)&#13;
net.thucydides.core.webdriver.WebDriverFactory.newWebdriverInstance(WebDriverFactory.java:142)&#13;
net.thucydides.core.webdriver.WebDriverFacade.newDriverInstance(WebDriverFacade.java:178)&#13;
net.thucydides.core.webdriver.WebDriverFacade.newProxyDriver(WebDriverFacade.java:169)&#13;
net.thucydides.core.webdriver.WebDriverFacade.getProxiedDriver(WebDriverFacade.java:120)&#13;
net.thucydides.core.webdriver.WebDriverFacade.get(WebDriverFacade.java:209)&#13;
pages.CommonMethods.userVisitTheGigyaWebPage(CommonMethods.java:12)&#13;
net.thucydides.core.steps.StepInterceptor.invokeMethod(StepInterceptor.java:519)&#13;
net.thucydides.core.steps.StepInterceptor.executeTestStepMethod(StepInterceptor.java:499)&#13;
net.thucydides.core.steps.StepInterceptor.runTestStep(StepInterceptor.java:471)&#13;
net.thucydides.core.steps.StepInterceptor.runOrSkipMethod(StepInterceptor.java:213)&#13;
net.thucydides.core.steps.StepInterceptor.testStepResult(StepInterceptor.java:200)&#13;
net.thucydides.core.steps.StepInterceptor.intercept(StepInterceptor.java:92)&#13;
steps.CommonGherkinSteps.userVisitTheGigyaWebPage(CommonGherkinSteps.java:21)&#13;
io.cucumber.java.Invoker.doInvoke(Invoker.java:66)&#13;
io.cucumber.java.Invoker.invoke(Invoker.java:24)&#13;
io.cucumber.java.AbstractGlueDefinition.invokeMethod(AbstractGlueDefinition.java:47)&#13;
io.cucumber.java.JavaStepDefinition.execute(JavaStepDefinition.java:29)&#13;
io.cucumber.core.runner.CoreStepDefinition.execute(CoreStepDefinition.java:66)&#13;
io.cucumber.core.runner.PickleStepDefinitionMatch.runStep(PickleStepDefinitionMatch.java:63)&#13;
io.cucumber.core.runner.TestStep.executeStep(TestStep.java:84)&#13;
io.cucumber.core.runner.TestStep.run(TestStep.java:56)&#13;
io.cucumber.core.runner.PickleStepTestStep.run(PickleStepTestStep.java:51)&#13;
io.cucumber.core.runner.TestCase.run(TestCase.java:84)&#13;
io.cucumber.core.runner.Runner.runPickle(Runner.java:75)&#13;
io.cucumber.core.runtime.CucumberExecutionContext.lambda$runTestCase$5(CucumberExecutionContext.java:137)&#13;
io.cucumber.core.runtime.RethrowingThrowableCollector.executeAndThrow(RethrowingThrowableCollector.java:23)&#13;
io.cucumber.core.runtime.CucumberExecutionContext.runTestCase(CucumberExecutionContext.java:137)&#13;
io.cucumber.junit.FeatureRunner.runChild(FeatureRunner.java:144)&#13;
io.cucumber.junit.FeatureRunner.runChild(FeatureRunner.java:28)&#13;
io.cucumber.junit.FeatureRunner.run(FeatureRunner.java:137)&#13;
io.cucumber.junit.CucumberSerenityBaseRunner.runChild(CucumberSerenityBaseRunner.java:332)&#13;
io.cucumber.junit.CucumberSerenityBaseRunner.runChild(CucumberSerenityBaseRunner.java:53)&#13;
</system-err></testcase></testsuite>